...found 9 targets...
...updating 3 targets...
common.mkdir libs/config/checks/architecture/bin/gcc-5.4.0
common.mkdir libs/config/checks/architecture/bin/gcc-5.4.0/debug
gcc.compile.c++ libs/config/checks/architecture/bin/gcc-5.4.0/debug/32.o
libs/config/checks/architecture/32.cpp:9:36: error: size of array ‘test’ is negative
 int test[sizeof(void*) == 4? 1 : -1];
                                    ^

    "g++"  -ftemplate-depth-128 -O0 -fno-inline -Wall -g -fPIC     -c -o "libs/config/checks/architecture/bin/gcc-5.4.0/debug/32.o" "libs/config/checks/architecture/32.cpp"

...failed gcc.compile.c++ libs/config/checks/architecture/bin/gcc-5.4.0/debug/32.o...
...failed updating 1 target...
...updated 2 targets...
...found 2 targets...
...updating 1 target...
gcc.compile.c++ libs/config/checks/architecture/bin/gcc-5.4.0/debug/64.o
...updated 1 target...
...found 2 targets...
...updating 1 target...
gcc.compile.c++ libs/config/checks/architecture/bin/gcc-5.4.0/debug/arm.o
libs/config/checks/architecture/arm.cpp:13:2: error: #error "Not ARM"
 #error "Not ARM"
  ^

    "g++"  -ftemplate-depth-128 -O0 -fno-inline -Wall -g -fPIC     -c -o "libs/config/checks/architecture/bin/gcc-5.4.0/debug/arm.o" "libs/config/checks/architecture/arm.cpp"

...failed gcc.compile.c++ libs/config/checks/architecture/bin/gcc-5.4.0/debug/arm.o...
...failed updating 1 target...
...found 2 targets...
...updating 1 target...
gcc.compile.c++ libs/config/checks/architecture/bin/gcc-5.4.0/debug/mips1.o
libs/config/checks/architecture/mips1.cpp:10:2: error: #error "Not MIPS1"
 #error "Not MIPS1"
  ^

    "g++"  -ftemplate-depth-128 -O0 -fno-inline -Wall -g -fPIC     -c -o "libs/config/checks/architecture/bin/gcc-5.4.0/debug/mips1.o" "libs/config/checks/architecture/mips1.cpp"

...failed gcc.compile.c++ libs/config/checks/architecture/bin/gcc-5.4.0/debug/mips1.o...
...failed updating 1 target...
...found 2 targets...
...updating 1 target...
gcc.compile.c++ libs/config/checks/architecture/bin/gcc-5.4.0/debug/power.o
libs/config/checks/architecture/power.cpp:13:2: error: #error "Not PPC"
 #error "Not PPC"
  ^

    "g++"  -ftemplate-depth-128 -O0 -fno-inline -Wall -g -fPIC     -c -o "libs/config/checks/architecture/bin/gcc-5.4.0/debug/power.o" "libs/config/checks/architecture/power.cpp"

...failed gcc.compile.c++ libs/config/checks/architecture/bin/gcc-5.4.0/debug/power.o...
...failed updating 1 target...
...found 2 targets...
...updating 1 target...
gcc.compile.c++ libs/config/checks/architecture/bin/gcc-5.4.0/debug/sparc.o
libs/config/checks/architecture/sparc.cpp:10:2: error: #error "Not SPARC"
 #error "Not SPARC"
  ^

    "g++"  -ftemplate-depth-128 -O0 -fno-inline -Wall -g -fPIC     -c -o "libs/config/checks/architecture/bin/gcc-5.4.0/debug/sparc.o" "libs/config/checks/architecture/sparc.cpp"

...failed gcc.compile.c++ libs/config/checks/architecture/bin/gcc-5.4.0/debug/sparc.o...
...failed updating 1 target...
...found 2 targets...
...updating 1 target...
gcc.compile.c++ libs/config/checks/architecture/bin/gcc-5.4.0/debug/x86.o
...updated 1 target...
...found 3 targets...
...updating 3 targets...
common.mkdir bin.v2
link.touch bin.v2/test-symlink-source
link.mklink bin.v2/test-symlink
...updated 3 targets...
...found 95 targets...
...updating 7 targets...
common.mkdir bin.v2/libs
common.mkdir bin.v2/libs/context
common.mkdir bin.v2/libs/context/build
common.mkdir bin.v2/libs/context/build/gcc-5.4.0
common.mkdir bin.v2/libs/context/build/gcc-5.4.0/debug
common.mkdir bin.v2/libs/context/build/gcc-5.4.0/debug/threading-multi
gcc.compile.c++ bin.v2/libs/context/build/gcc-5.4.0/debug/threading-multi/cxx11_hdr_mutex_check.o
libs/context/src/../build/cxx11_hdr_mutex.cpp:9:2: error: #error "C++11 <mutex> is not available."
 #error "C++11 <mutex> is not available."
  ^

    "g++"  -ftemplate-depth-128 -O0 -fno-inline -Wall -g -pthread -fPIC -m64  -DBOOST_ALL_NO_LIB=1 -DBOOST_CONTEXT_DYN_LINK=1 -DBOOST_CONTEXT_SOURCE  -I"." -c -o "bin.v2/libs/context/build/gcc-5.4.0/debug/threading-multi/cxx11_hdr_mutex_check.o" "libs/context/src/../build/cxx11_hdr_mutex.cpp"

...failed gcc.compile.c++ bin.v2/libs/context/build/gcc-5.4.0/debug/threading-multi/cxx11_hdr_mutex_check.o...
...failed updating 1 target...
...updated 6 targets...
...patience...
...found 120 targets...
...updating 14 targets...
common.mkdir bin.v2/libs/thread
common.mkdir bin.v2/libs/thread/build
common.mkdir bin.v2/libs/thread/build/gcc-5.4.0
common.mkdir bin.v2/libs/thread/build/gcc-5.4.0/debug
common.mkdir bin.v2/libs/thread/build/gcc-5.4.0/debug/threading-multi
gcc.compile.c++ bin.v2/libs/thread/build/gcc-5.4.0/debug/threading-multi/has_atomic_flag_lockfree_test.o
common.mkdir bin.v2/libs/system
common.mkdir bin.v2/libs/system/build
common.mkdir bin.v2/libs/system/build/gcc-5.4.0
common.mkdir bin.v2/libs/system/build/gcc-5.4.0/debug
common.mkdir bin.v2/libs/system/build/gcc-5.4.0/debug/threading-multi
gcc.compile.c++ bin.v2/libs/system/build/gcc-5.4.0/debug/threading-multi/error_code.o
gcc.link.dll bin.v2/libs/system/build/gcc-5.4.0/debug/threading-multi/libboost_system.so.1.62.0
gcc.link bin.v2/libs/thread/build/gcc-5.4.0/debug/threading-multi/has_atomic_flag_lockfree
...updated 14 targets...
...found 252 targets...
...updating 7 targets...
common.mkdir bin.v2/libs/config
common.mkdir bin.v2/libs/config/checks
common.mkdir bin.v2/libs/config/checks/gcc-5.4.0
common.mkdir bin.v2/libs/config/checks/gcc-5.4.0/debug
gcc.compile.c++ bin.v2/libs/config/checks/gcc-5.4.0/debug/cxx11_auto_declarations_obj.o
In file included from /exports/home/scondon/mslib/ext_libs/boost_1_62_0/libs/config/checks/test_case.cpp:237:0:
/exports/home/scondon/mslib/ext_libs/boost_1_62_0/libs/config/checks/../test/boost_no_auto_declarations.ipp: In function ‘int boost_no_cxx11_auto_declarations::test()’:
/exports/home/scondon/mslib/ext_libs/boost_1_62_0/libs/config/checks/../test/boost_no_auto_declarations.ipp:20:4: warning: ‘auto’ changes meaning in C++11; please remove it [-Wc++0x-compat]
    auto x = 10;
    ^
/exports/home/scondon/mslib/ext_libs/boost_1_62_0/libs/config/checks/../test/boost_no_auto_declarations.ipp:20:9: error: ‘x’ does not name a type
    auto x = 10;
         ^
/exports/home/scondon/mslib/ext_libs/boost_1_62_0/libs/config/checks/../test/boost_no_auto_declarations.ipp:21:12: error: ‘x’ was not declared in this scope
    check_f(x);
            ^

    "g++"  -ftemplate-depth-128 -O0 -fno-inline -Wall -g -fPIC -m64  -DBOOST_ALL_NO_LIB=1 -DTEST_BOOST_NO_CXX11_AUTO_DECLARATIONS  -I"." -c -o "bin.v2/libs/config/checks/gcc-5.4.0/debug/cxx11_auto_declarations_obj.o" "/exports/home/scondon/mslib/ext_libs/boost_1_62_0/libs/config/checks/test_case.cpp"

...failed gcc.compile.c++ bin.v2/libs/config/checks/gcc-5.4.0/debug/cxx11_auto_declarations_obj.o...
...skipped <pbin.v2/libs/config/checks/gcc-5.4.0/debug>cxx11_auto_declarations for lack of <pbin.v2/libs/config/checks/gcc-5.4.0/debug>cxx11_auto_declarations_obj.o...
...skipped <pbin.v2/libs/config/checks/gcc-5.4.0/debug>cxx11_auto_declarations.passed for lack of <pbin.v2/libs/config/checks/gcc-5.4.0/debug>cxx11_auto_declarations...
...failed updating 1 target...
...skipped 2 targets...
...updated 4 targets...
...found 3 targets...
...updating 3 targets...
gcc.compile.c++ bin.v2/libs/config/checks/gcc-5.4.0/debug/cxx11_constexpr_obj.o
In file included from /exports/home/scondon/mslib/ext_libs/boost_1_62_0/libs/config/checks/test_case.cpp:265:0:
/exports/home/scondon/mslib/ext_libs/boost_1_62_0/libs/config/checks/../test/boost_no_constexpr.ipp:17:1: warning: identifier ‘constexpr’ is a keyword in C++11 [-Wc++0x-compat]
 constexpr int square(int x) { return x * x; }  // from N2235
 ^
/exports/home/scondon/mslib/ext_libs/boost_1_62_0/libs/config/checks/../test/boost_no_constexpr.ipp:17:1: error: ‘constexpr’ does not name a type
/exports/home/scondon/mslib/ext_libs/boost_1_62_0/libs/config/checks/../test/boost_no_constexpr.ipp:17:1: note: C++11 ‘constexpr’ only available with -std=c++11 or -std=gnu++11
/exports/home/scondon/mslib/ext_libs/boost_1_62_0/libs/config/checks/../test/boost_no_constexpr.ipp:20:1: error: ‘constexpr’ does not name a type
 constexpr const int* addr(const int& ir) { return &ir; }
 ^
/exports/home/scondon/mslib/ext_libs/boost_1_62_0/libs/config/checks/../test/boost_no_constexpr.ipp:20:1: note: C++11 ‘constexpr’ only available with -std=c++11 or -std=gnu++11
/exports/home/scondon/mslib/ext_libs/boost_1_62_0/libs/config/checks/../test/boost_no_constexpr.ipp:22:1: error: ‘constexpr’ does not name a type
 constexpr const int* xp = addr(x);
 ^
/exports/home/scondon/mslib/ext_libs/boost_1_62_0/libs/config/checks/../test/boost_no_constexpr.ipp:22:1: note: C++11 ‘constexpr’ only available with -std=c++11 or -std=gnu++11
/exports/home/scondon/mslib/ext_libs/boost_1_62_0/libs/config/checks/../test/boost_no_constexpr.ipp:26:4: error: ‘constexpr’ does not name a type
    constexpr A(int i) : val(i) { }
    ^
/exports/home/scondon/mslib/ext_libs/boost_1_62_0/libs/config/checks/../test/boost_no_constexpr.ipp:26:4: note: C++11 ‘constexpr’ only available with -std=c++11 or -std=gnu++11
/exports/home/scondon/mslib/ext_libs/boost_1_62_0/libs/config/checks/../test/boost_no_constexpr.ipp:27:4: error: ‘constexpr’ does not name a type
    constexpr operator int()const { return val; }
    ^
/exports/home/scondon/mslib/ext_libs/boost_1_62_0/libs/config/checks/../test/boost_no_constexpr.ipp:27:4: note: C++11 ‘constexpr’ only available with -std=c++11 or -std=gnu++11
/exports/home/scondon/mslib/ext_libs/boost_1_62_0/libs/config/checks/../test/boost_no_constexpr.ipp:28:4: error: ‘constexpr’ does not name a type
    constexpr operator long()const { return 43; }
    ^
/exports/home/scondon/mslib/ext_libs/boost_1_62_0/libs/config/checks/../test/boost_no_constexpr.ipp:28:4: note: C++11 ‘constexpr’ only available with -std=c++11 or -std=gnu++11
/exports/home/scondon/mslib/ext_libs/boost_1_62_0/libs/config/checks/../test/boost_no_constexpr.ipp:38:1: error: ‘constexpr’ does not name a type
 constexpr A a = 42;
 ^
/exports/home/scondon/mslib/ext_libs/boost_1_62_0/libs/config/checks/../test/boost_no_constexpr.ipp:38:1: note: C++11 ‘constexpr’ only available with -std=c++11 or -std=gnu++11
/exports/home/scondon/mslib/ext_libs/boost_1_62_0/libs/config/checks/../test/boost_no_constexpr.ipp:43:3: error: ‘a’ was not declared in this scope
 X<a> xx; // OK: unique conversion to int
   ^
/exports/home/scondon/mslib/ext_libs/boost_1_62_0/libs/config/checks/../test/boost_no_constexpr.ipp:43:4: error: template argument 1 is invalid
 X<a> xx; // OK: unique conversion to int
    ^
/exports/home/scondon/mslib/ext_libs/boost_1_62_0/libs/config/checks/../test/boost_no_constexpr.ipp:52:4: error: ‘constexpr’ does not name a type
    constexpr C() {}
    ^
/exports/home/scondon/mslib/ext_libs/boost_1_62_0/libs/config/checks/../test/boost_no_constexpr.ipp:52:4: note: C++11 ‘constexpr’ only available with -std=c++11 or -std=gnu++11
/exports/home/scondon/mslib/ext_libs/boost_1_62_0/libs/config/checks/../test/boost_no_constexpr.ipp:59:4: error: ‘constexpr’ does not name a type
    constexpr D() : val() {}
    ^
/exports/home/scondon/mslib/ext_libs/boost_1_62_0/libs/config/checks/../test/boost_no_constexpr.ipp:59:4: note: C++11 ‘constexpr’ only available with -std=c++11 or -std=gnu++11
/exports/home/scondon/mslib/ext_libs/boost_1_62_0/libs/config/checks/../test/boost_no_constexpr.ipp:69:1: error: ‘constexpr’ does not name a type
 constexpr F& f(F& out) { return out; }
 ^
/exports/home/scondon/mslib/ext_libs/boost_1_62_0/libs/config/checks/../test/boost_no_constexpr.ipp:69:1: note: C++11 ‘constexpr’ only available with -std=c++11 or -std=gnu++11
/exports/home/scondon/mslib/ext_libs/boost_1_62_0/libs/config/checks/../test/boost_no_constexpr.ipp: In function ‘int boost_no_cxx11_constexpr::test()’:
/exports/home/scondon/mslib/ext_libs/boost_1_62_0/libs/config/checks/../test/boost_no_constexpr.ipp:73:19: error: ‘square’ was not declared in this scope
   int i = square(5);
                   ^
/exports/home/scondon/mslib/ext_libs/boost_1_62_0/libs/config/checks/../test/boost_no_constexpr.ipp:78:8: error: ‘a’ was not declared in this scope
   case a:
        ^

    "g++"  -ftemplate-depth-128 -O0 -fno-inline -Wall -g -fPIC -m64  -DBOOST_ALL_NO_LIB=1 -DTEST_BOOST_NO_CXX11_CONSTEXPR  -I"." -c -o "bin.v2/libs/config/checks/gcc-5.4.0/debug/cxx11_constexpr_obj.o" "/exports/home/scondon/mslib/ext_libs/boost_1_62_0/libs/config/checks/test_case.cpp"

...failed gcc.compile.c++ bin.v2/libs/config/checks/gcc-5.4.0/debug/cxx11_constexpr_obj.o...
...skipped <pbin.v2/libs/config/checks/gcc-5.4.0/debug>cxx11_constexpr for lack of <pbin.v2/libs/config/checks/gcc-5.4.0/debug>cxx11_constexpr_obj.o...
...skipped <pbin.v2/libs/config/checks/gcc-5.4.0/debug>cxx11_constexpr.passed for lack of <pbin.v2/libs/config/checks/gcc-5.4.0/debug>cxx11_constexpr...
...failed updating 1 target...
...skipped 2 targets...
...found 3 targets...
...updating 3 targets...
gcc.compile.c++ bin.v2/libs/config/checks/gcc-5.4.0/debug/cxx11_defaulted_functions_obj.o
In file included from /exports/home/scondon/mslib/ext_libs/boost_1_62_0/libs/config/checks/test_case.cpp:477:0:
/exports/home/scondon/mslib/ext_libs/boost_1_62_0/libs/config/checks/../test/boost_no_defaulted_functions.ipp:14:4: error: #error Defaulted functions are not supported in non-C++0x mode
 #  error Defaulted functions are not supported in non-C++0x mode
    ^
/exports/home/scondon/mslib/ext_libs/boost_1_62_0/libs/config/checks/../test/boost_no_defaulted_functions.ipp:20:13: warning: defaulted and deleted functions only available with -std=c++11 or -std=gnu++11
     foo() = default;
             ^

    "g++"  -ftemplate-depth-128 -O0 -fno-inline -Wall -g -fPIC -m64  -DBOOST_ALL_NO_LIB=1 -DTEST_BOOST_NO_CXX11_DEFAULTED_FUNCTIONS  -I"." -c -o "bin.v2/libs/config/checks/gcc-5.4.0/debug/cxx11_defaulted_functions_obj.o" "/exports/home/scondon/mslib/ext_libs/boost_1_62_0/libs/config/checks/test_case.cpp"

...failed gcc.compile.c++ bin.v2/libs/config/checks/gcc-5.4.0/debug/cxx11_defaulted_functions_obj.o...
...skipped <pbin.v2/libs/config/checks/gcc-5.4.0/debug>cxx11_defaulted_functions for lack of <pbin.v2/libs/config/checks/gcc-5.4.0/debug>cxx11_defaulted_functions_obj.o...
...skipped <pbin.v2/libs/config/checks/gcc-5.4.0/debug>cxx11_defaulted_functions.passed for lack of <pbin.v2/libs/config/checks/gcc-5.4.0/debug>cxx11_defaulted_functions...
...failed updating 1 target...
...skipped 2 targets...
...found 3 targets...
...updating 3 targets...
gcc.compile.c++ bin.v2/libs/config/checks/gcc-5.4.0/debug/cxx11_final_obj.o
In file included from /exports/home/scondon/mslib/ext_libs/boost_1_62_0/libs/config/checks/test_case.cpp:305:0:
/exports/home/scondon/mslib/ext_libs/boost_1_62_0/libs/config/checks/../test/boost_no_cxx11_final.ipp:15:8: warning: override controls (override/final) only available with -std=c++11 or -std=gnu++11
 struct X final {};
        ^
/exports/home/scondon/mslib/ext_libs/boost_1_62_0/libs/config/checks/../test/boost_no_cxx11_final.ipp:24:18: warning: override controls (override/final) only available with -std=c++11 or -std=gnu++11
    virtual int f() final
                  ^
gcc.link bin.v2/libs/config/checks/gcc-5.4.0/debug/cxx11_final
testing.unit-test bin.v2/libs/config/checks/gcc-5.4.0/debug/cxx11_final.passed
...updated 3 targets...
...found 3 targets...
...updating 3 targets...
gcc.compile.c++ bin.v2/libs/config/checks/gcc-5.4.0/debug/cxx11_hdr_tuple_obj.o
In file included from /usr/include/c++/5/tuple:35:0,
                 from /exports/home/scondon/mslib/ext_libs/boost_1_62_0/libs/config/checks/../test/boost_no_cxx11_hdr_tuple.ipp:13,
                 from /exports/home/scondon/mslib/ext_libs/boost_1_62_0/libs/config/checks/test_case.cpp:365:
/usr/include/c++/5/bits/c++0x_warning.h:32:2: error: #error This file requires compiler and library support for the ISO C++ 2011 standard. This support must be enabled with the -std=c++11 or -std=gnu++11 compiler options.
 #error This file requires compiler and library support \
  ^
In file included from /exports/home/scondon/mslib/ext_libs/boost_1_62_0/libs/config/checks/test_case.cpp:365:0:
/exports/home/scondon/mslib/ext_libs/boost_1_62_0/libs/config/checks/../test/boost_no_cxx11_hdr_tuple.ipp: In function ‘int boost_no_cxx11_hdr_tuple::test()’:
/exports/home/scondon/mslib/ext_libs/boost_1_62_0/libs/config/checks/../test/boost_no_cxx11_hdr_tuple.ipp:19:3: error: ‘tuple’ is not a member of ‘std’
   std::tuple<int, int, long> t(0, 1, 2);
   ^
/exports/home/scondon/mslib/ext_libs/boost_1_62_0/libs/config/checks/../test/boost_no_cxx11_hdr_tuple.ipp:19:14: error: expected primary-expression before ‘int’
   std::tuple<int, int, long> t(0, 1, 2);
              ^

    "g++"  -ftemplate-depth-128 -O0 -fno-inline -Wall -g -fPIC -m64  -DBOOST_ALL_NO_LIB=1 -DTEST_BOOST_NO_CXX11_HDR_TUPLE  -I"." -c -o "bin.v2/libs/config/checks/gcc-5.4.0/debug/cxx11_hdr_tuple_obj.o" "/exports/home/scondon/mslib/ext_libs/boost_1_62_0/libs/config/checks/test_case.cpp"

...failed gcc.compile.c++ bin.v2/libs/config/checks/gcc-5.4.0/debug/cxx11_hdr_tuple_obj.o...
...skipped <pbin.v2/libs/config/checks/gcc-5.4.0/debug>cxx11_hdr_tuple for lack of <pbin.v2/libs/config/checks/gcc-5.4.0/debug>cxx11_hdr_tuple_obj.o...
...skipped <pbin.v2/libs/config/checks/gcc-5.4.0/debug>cxx11_hdr_tuple.passed for lack of <pbin.v2/libs/config/checks/gcc-5.4.0/debug>cxx11_hdr_tuple...
...failed updating 1 target...
...skipped 2 targets...
...found 3 targets...
...updating 3 targets...
gcc.compile.c++ bin.v2/libs/config/checks/gcc-5.4.0/debug/cxx11_lambdas_obj.o
In file included from /exports/home/scondon/mslib/ext_libs/boost_1_62_0/libs/config/checks/test_case.cpp:561:0:
/exports/home/scondon/mslib/ext_libs/boost_1_62_0/libs/config/checks/../test/boost_no_lambdas.ipp:14:4: error: #error This feature is not available in non-C++0x mode
 #  error This feature is not available in non-C++0x mode
    ^
/exports/home/scondon/mslib/ext_libs/boost_1_62_0/libs/config/checks/../test/boost_no_lambdas.ipp: In function ‘int boost_no_cxx11_lambdas::test()’:
/exports/home/scondon/mslib/ext_libs/boost_1_62_0/libs/config/checks/../test/boost_no_lambdas.ipp:27:28: warning: lambda expressions only available with -std=c++11 or -std=gnu++11
   return f([](){ return 0; });
                            ^
/exports/home/scondon/mslib/ext_libs/boost_1_62_0/libs/config/checks/../test/boost_no_lambdas.ipp:27:29: error: no matching function for call to ‘f(boost_no_cxx11_lambdas::test()::<lambda()>)’
   return f([](){ return 0; });
                             ^
/exports/home/scondon/mslib/ext_libs/boost_1_62_0/libs/config/checks/../test/boost_no_lambdas.ipp:20:5: note: candidate: template<class Func> int boost_no_cxx11_lambdas::f(Func)
 int f(Func f)
     ^
/exports/home/scondon/mslib/ext_libs/boost_1_62_0/libs/config/checks/../test/boost_no_lambdas.ipp:20:5: note:   template argument deduction/substitution failed:
/exports/home/scondon/mslib/ext_libs/boost_1_62_0/libs/config/checks/../test/boost_no_lambdas.ipp: In substitution of ‘template<class Func> int boost_no_cxx11_lambdas::f(Func) [with Func = boost_no_cxx11_lambdas::test()::<lambda()>]’:
/exports/home/scondon/mslib/ext_libs/boost_1_62_0/libs/config/checks/../test/boost_no_lambdas.ipp:27:29:   required from here
/exports/home/scondon/mslib/ext_libs/boost_1_62_0/libs/config/checks/../test/boost_no_lambdas.ipp:27:29: error: template argument for ‘template<class Func> int boost_no_cxx11_lambdas::f(Func)’ uses local type ‘boost_no_cxx11_lambdas::test()::<lambda()>’
   return f([](){ return 0; });
                             ^
/exports/home/scondon/mslib/ext_libs/boost_1_62_0/libs/config/checks/../test/boost_no_lambdas.ipp:27:29: error:   trying to instantiate ‘template<class Func> int boost_no_cxx11_lambdas::f(Func)’

    "g++"  -ftemplate-depth-128 -O0 -fno-inline -Wall -g -fPIC -m64  -DBOOST_ALL_NO_LIB=1 -DTEST_BOOST_NO_CXX11_LAMBDAS  -I"." -c -o "bin.v2/libs/config/checks/gcc-5.4.0/debug/cxx11_lambdas_obj.o" "/exports/home/scondon/mslib/ext_libs/boost_1_62_0/libs/config/checks/test_case.cpp"

...failed gcc.compile.c++ bin.v2/libs/config/checks/gcc-5.4.0/debug/cxx11_lambdas_obj.o...
...skipped <pbin.v2/libs/config/checks/gcc-5.4.0/debug>cxx11_lambdas for lack of <pbin.v2/libs/config/checks/gcc-5.4.0/debug>cxx11_lambdas_obj.o...
...skipped <pbin.v2/libs/config/checks/gcc-5.4.0/debug>cxx11_lambdas.passed for lack of <pbin.v2/libs/config/checks/gcc-5.4.0/debug>cxx11_lambdas...
...failed updating 1 target...
...skipped 2 targets...
...found 3 targets...
...updating 3 targets...
gcc.compile.c++ bin.v2/libs/config/checks/gcc-5.4.0/debug/cxx11_noexcept_obj.o
In file included from /exports/home/scondon/mslib/ext_libs/boost_1_62_0/libs/config/checks/test_case.cpp:605:0:
/exports/home/scondon/mslib/ext_libs/boost_1_62_0/libs/config/checks/../test/boost_no_noexcept.ipp:16:1: warning: identifier ‘noexcept’ is a keyword in C++11 [-Wc++0x-compat]
 int f() noexcept ;
 ^
/exports/home/scondon/mslib/ext_libs/boost_1_62_0/libs/config/checks/../test/boost_no_noexcept.ipp:16:9: error: expected initializer before ‘noexcept’
 int f() noexcept ;
         ^
/exports/home/scondon/mslib/ext_libs/boost_1_62_0/libs/config/checks/../test/boost_no_noexcept.ipp:17:9: error: expected initializer before ‘noexcept’
 int g() noexcept( noexcept( f() ) ) ;
         ^
/exports/home/scondon/mslib/ext_libs/boost_1_62_0/libs/config/checks/../test/boost_no_noexcept.ipp: In function ‘int boost_no_cxx11_noexcept::test()’:
/exports/home/scondon/mslib/ext_libs/boost_1_62_0/libs/config/checks/../test/boost_no_noexcept.ipp:21:24: error: ‘g’ was not declared in this scope
   bool b = noexcept( g() );
                        ^
/exports/home/scondon/mslib/ext_libs/boost_1_62_0/libs/config/checks/../test/boost_no_noexcept.ipp:21:26: error: ‘noexcept’ was not declared in this scope
   bool b = noexcept( g() );
                          ^

    "g++"  -ftemplate-depth-128 -O0 -fno-inline -Wall -g -fPIC -m64  -DBOOST_ALL_NO_LIB=1 -DTEST_BOOST_NO_CXX11_NOEXCEPT  -I"." -c -o "bin.v2/libs/config/checks/gcc-5.4.0/debug/cxx11_noexcept_obj.o" "/exports/home/scondon/mslib/ext_libs/boost_1_62_0/libs/config/checks/test_case.cpp"

...failed gcc.compile.c++ bin.v2/libs/config/checks/gcc-5.4.0/debug/cxx11_noexcept_obj.o...
...skipped <pbin.v2/libs/config/checks/gcc-5.4.0/debug>cxx11_noexcept for lack of <pbin.v2/libs/config/checks/gcc-5.4.0/debug>cxx11_noexcept_obj.o...
...skipped <pbin.v2/libs/config/checks/gcc-5.4.0/debug>cxx11_noexcept.passed for lack of <pbin.v2/libs/config/checks/gcc-5.4.0/debug>cxx11_noexcept...
...failed updating 1 target...
...skipped 2 targets...
...found 3 targets...
...updating 3 targets...
gcc.compile.c++ bin.v2/libs/config/checks/gcc-5.4.0/debug/cxx11_nullptr_obj.o
In file included from /exports/home/scondon/mslib/ext_libs/boost_1_62_0/libs/config/checks/test_case.cpp:609:0:
/exports/home/scondon/mslib/ext_libs/boost_1_62_0/libs/config/checks/../test/boost_no_nullptr.ipp:19:3: warning: identifier ‘nullptr’ is a keyword in C++11 [-Wc++0x-compat]
   int * p = nullptr;
   ^
/exports/home/scondon/mslib/ext_libs/boost_1_62_0/libs/config/checks/../test/boost_no_nullptr.ipp: In function ‘int boost_no_cxx11_nullptr::test()’:
/exports/home/scondon/mslib/ext_libs/boost_1_62_0/libs/config/checks/../test/boost_no_nullptr.ipp:19:13: error: ‘nullptr’ was not declared in this scope
   int * p = nullptr;
             ^

    "g++"  -ftemplate-depth-128 -O0 -fno-inline -Wall -g -fPIC -m64  -DBOOST_ALL_NO_LIB=1 -DTEST_BOOST_NO_CXX11_NULLPTR  -I"." -c -o "bin.v2/libs/config/checks/gcc-5.4.0/debug/cxx11_nullptr_obj.o" "/exports/home/scondon/mslib/ext_libs/boost_1_62_0/libs/config/checks/test_case.cpp"

...failed gcc.compile.c++ bin.v2/libs/config/checks/gcc-5.4.0/debug/cxx11_nullptr_obj.o...
...skipped <pbin.v2/libs/config/checks/gcc-5.4.0/debug>cxx11_nullptr for lack of <pbin.v2/libs/config/checks/gcc-5.4.0/debug>cxx11_nullptr_obj.o...
...skipped <pbin.v2/libs/config/checks/gcc-5.4.0/debug>cxx11_nullptr.passed for lack of <pbin.v2/libs/config/checks/gcc-5.4.0/debug>cxx11_nullptr...
...failed updating 1 target...
...skipped 2 targets...
...found 3 targets...
...updating 3 targets...
gcc.compile.c++ bin.v2/libs/config/checks/gcc-5.4.0/debug/cxx11_rvalue_references_obj.o
In file included from /exports/home/scondon/mslib/ext_libs/boost_1_62_0/libs/config/checks/test_case.cpp:649:0:
/exports/home/scondon/mslib/ext_libs/boost_1_62_0/libs/config/checks/../test/boost_no_rvalue_references.ipp:17:20: error: expected ‘,’ or ‘...’ before ‘&&’ token
 void forward(F f, T&& t) { f(static_cast<T&&>(t)); }
                    ^
/exports/home/scondon/mslib/ext_libs/boost_1_62_0/libs/config/checks/../test/boost_no_rvalue_references.ipp: In function ‘void boost_no_cxx11_rvalue_references::forward(F, T)’:
/exports/home/scondon/mslib/ext_libs/boost_1_62_0/libs/config/checks/../test/boost_no_rvalue_references.ipp:17:43: error: expected ‘>’ before ‘&&’ token
 void forward(F f, T&& t) { f(static_cast<T&&>(t)); }
                                           ^
/exports/home/scondon/mslib/ext_libs/boost_1_62_0/libs/config/checks/../test/boost_no_rvalue_references.ipp:17:43: error: expected ‘(’ before ‘&&’ token
/exports/home/scondon/mslib/ext_libs/boost_1_62_0/libs/config/checks/../test/boost_no_rvalue_references.ipp:17:45: error: expected identifier before ‘>’ token
 void forward(F f, T&& t) { f(static_cast<T&&>(t)); }
                                             ^
/exports/home/scondon/mslib/ext_libs/boost_1_62_0/libs/config/checks/../test/boost_no_rvalue_references.ipp:17:47: error: ‘t’ was not declared in this scope
 void forward(F f, T&& t) { f(static_cast<T&&>(t)); }
                                               ^

    "g++"  -ftemplate-depth-128 -O0 -fno-inline -Wall -g -fPIC -m64  -DBOOST_ALL_NO_LIB=1 -DTEST_BOOST_NO_CXX11_RVALUE_REFERENCES  -I"." -c -o "bin.v2/libs/config/checks/gcc-5.4.0/debug/cxx11_rvalue_references_obj.o" "/exports/home/scondon/mslib/ext_libs/boost_1_62_0/libs/config/checks/test_case.cpp"

...failed gcc.compile.c++ bin.v2/libs/config/checks/gcc-5.4.0/debug/cxx11_rvalue_references_obj.o...
...skipped <pbin.v2/libs/config/checks/gcc-5.4.0/debug>cxx11_rvalue_references for lack of <pbin.v2/libs/config/checks/gcc-5.4.0/debug>cxx11_rvalue_references_obj.o...
...skipped <pbin.v2/libs/config/checks/gcc-5.4.0/debug>cxx11_rvalue_references.passed for lack of <pbin.v2/libs/config/checks/gcc-5.4.0/debug>cxx11_rvalue_references...
...failed updating 1 target...
...skipped 2 targets...
...found 3 targets...
...updating 3 targets...
gcc.compile.c++ bin.v2/libs/config/checks/gcc-5.4.0/debug/cxx11_template_aliases_obj.o
In file included from /exports/home/scondon/mslib/ext_libs/boost_1_62_0/libs/config/checks/test_case.cpp:733:0:
/exports/home/scondon/mslib/ext_libs/boost_1_62_0/libs/config/checks/../test/boost_no_template_aliases.ipp:15:7: error: expected nested-name-specifier before ‘PINT’
 using PINT = void (*)(int);             // using plus C-style type
       ^

    "g++"  -ftemplate-depth-128 -O0 -fno-inline -Wall -g -fPIC -m64  -DBOOST_ALL_NO_LIB=1 -DTEST_BOOST_NO_CXX11_TEMPLATE_ALIASES  -I"." -c -o "bin.v2/libs/config/checks/gcc-5.4.0/debug/cxx11_template_aliases_obj.o" "/exports/home/scondon/mslib/ext_libs/boost_1_62_0/libs/config/checks/test_case.cpp"

...failed gcc.compile.c++ bin.v2/libs/config/checks/gcc-5.4.0/debug/cxx11_template_aliases_obj.o...
...skipped <pbin.v2/libs/config/checks/gcc-5.4.0/debug>cxx11_template_aliases for lack of <pbin.v2/libs/config/checks/gcc-5.4.0/debug>cxx11_template_aliases_obj.o...
...skipped <pbin.v2/libs/config/checks/gcc-5.4.0/debug>cxx11_template_aliases.passed for lack of <pbin.v2/libs/config/checks/gcc-5.4.0/debug>cxx11_template_aliases...
...failed updating 1 target...
...skipped 2 targets...
...found 3 targets...
...updating 3 targets...
gcc.compile.c++ bin.v2/libs/config/checks/gcc-5.4.0/debug/cxx11_thread_local_obj.o
In file included from /exports/home/scondon/mslib/ext_libs/boost_1_62_0/libs/config/checks/test_case.cpp:409:0:
/exports/home/scondon/mslib/ext_libs/boost_1_62_0/libs/config/checks/../test/boost_no_cxx11_thread_local.ipp: In function ‘int boost_no_cxx11_thread_local::test()’:
/exports/home/scondon/mslib/ext_libs/boost_1_62_0/libs/config/checks/../test/boost_no_cxx11_thread_local.ipp:19:11: error: ‘thread_local’ does not name a type
    static thread_local std::string local("hello");
           ^
/exports/home/scondon/mslib/ext_libs/boost_1_62_0/libs/config/checks/../test/boost_no_cxx11_thread_local.ipp:19:11: note: C++11 ‘thread_local’ only available with -std=c++11 or -std=gnu++11

    "g++"  -ftemplate-depth-128 -O0 -fno-inline -Wall -g -fPIC -m64  -DBOOST_ALL_NO_LIB=1 -DTEST_BOOST_NO_CXX11_THREAD_LOCAL  -I"." -c -o "bin.v2/libs/config/checks/gcc-5.4.0/debug/cxx11_thread_local_obj.o" "/exports/home/scondon/mslib/ext_libs/boost_1_62_0/libs/config/checks/test_case.cpp"

...failed gcc.compile.c++ bin.v2/libs/config/checks/gcc-5.4.0/debug/cxx11_thread_local_obj.o...
...skipped <pbin.v2/libs/config/checks/gcc-5.4.0/debug>cxx11_thread_local for lack of <pbin.v2/libs/config/checks/gcc-5.4.0/debug>cxx11_thread_local_obj.o...
...skipped <pbin.v2/libs/config/checks/gcc-5.4.0/debug>cxx11_thread_local.passed for lack of <pbin.v2/libs/config/checks/gcc-5.4.0/debug>cxx11_thread_local...
...failed updating 1 target...
...skipped 2 targets...
...found 3 targets...
...updating 3 targets...
gcc.compile.c++ bin.v2/libs/config/checks/gcc-5.4.0/debug/cxx11_variadic_templates_obj.o
In file included from /exports/home/scondon/mslib/ext_libs/boost_1_62_0/libs/config/checks/test_case.cpp:781:0:
/exports/home/scondon/mslib/ext_libs/boost_1_62_0/libs/config/checks/../test/boost_no_variadic_templates.ipp:14:18: warning: variadic templates only available with -std=c++11 or -std=gnu++11
 template<typename... Elements> struct tuple {};
                  ^
gcc.link bin.v2/libs/config/checks/gcc-5.4.0/debug/cxx11_variadic_templates
testing.unit-test bin.v2/libs/config/checks/gcc-5.4.0/debug/cxx11_variadic_templates.passed
...updated 3 targets...
...found 20 targets...
...updating 7 targets...
common.mkdir bin.v2/libs/regex
common.mkdir bin.v2/libs/regex/build
common.mkdir bin.v2/libs/regex/build/gcc-5.4.0
common.mkdir bin.v2/libs/regex/build/gcc-5.4.0/debug
gcc.compile.c++ bin.v2/libs/regex/build/gcc-5.4.0/debug/has_icu_test.o
libs/regex/build/has_icu_test.cpp:12:30: fatal error: unicode/uversion.h: No such file or directory
compilation terminated.

    "g++"  -ftemplate-depth-128 -O0 -fno-inline -Wall -pedantic -g -fPIC -m64  -DBOOST_ALL_NO_LIB=1 -DBOOST_HAS_ICU=1  -I"." -c -o "bin.v2/libs/regex/build/gcc-5.4.0/debug/has_icu_test.o" "libs/regex/build/has_icu_test.cpp"

...failed gcc.compile.c++ bin.v2/libs/regex/build/gcc-5.4.0/debug/has_icu_test.o...
...skipped <pbin.v2/libs/regex/build/gcc-5.4.0/debug>has_icu for lack of <pbin.v2/libs/regex/build/gcc-5.4.0/debug>has_icu_test.o...
...skipped <pbin.v2/libs/regex/build/gcc-5.4.0/debug>has_icu.passed for lack of <pbin.v2/libs/regex/build/gcc-5.4.0/debug>has_icu...
...failed updating 1 target...
...skipped 2 targets...
...updated 4 targets...
...found 9 targets...
...updating 7 targets...
common.mkdir bin.v2/standalone
common.mkdir bin.v2/standalone/ac
common.mkdir bin.v2/standalone/ac/gcc-5.4.0
common.mkdir bin.v2/standalone/ac/gcc-5.4.0/release
common.mkdir bin.v2/standalone/ac/gcc-5.4.0/release/threading-multi
gcc.compile.c++ bin.v2/standalone/ac/gcc-5.4.0/release/threading-multi/zlib_h.o
...updated 7 targets...
...found 5 targets...
...updating 3 targets...
gcc.compile.c++ bin.v2/standalone/ac/gcc-5.4.0/release/threading-multi/main.o
gcc.link bin.v2/standalone/ac/gcc-5.4.0/release/threading-multi/z
...updated 3 targets...
...found 4 targets...
...updating 2 targets...
gcc.compile.c++ bin.v2/standalone/ac/gcc-5.4.0/release/threading-multi/bzlib_h.o
...updated 2 targets...
...found 1 target...
...updating 1 target...
gcc.link bin.v2/standalone/ac/gcc-5.4.0/release/threading-multi/bz2
...updated 1 target...
...found 8 targets...
...updating 6 targets...
common.mkdir bin.v2/libs/locale
common.mkdir bin.v2/libs/locale/build
common.mkdir bin.v2/libs/locale/build/gcc-5.4.0
common.mkdir bin.v2/libs/locale/build/gcc-5.4.0/debug
gcc.compile.c++ bin.v2/libs/locale/build/gcc-5.4.0/debug/has_iconv_libc_obj.o
gcc.link bin.v2/libs/locale/build/gcc-5.4.0/debug/has_iconv
...updated 6 targets...
...found 4 targets...
...updating 2 targets...
gcc.compile.c++ bin.v2/libs/locale/build/gcc-5.4.0/debug/has_icu_obj.o
libs/locale/src/../build/has_icu_test.cpp:12:30: fatal error: unicode/uversion.h: No such file or directory
compilation terminated.

    "g++"  -ftemplate-depth-128 -O0 -fno-inline -Wall -g -fPIC -m64  -DBOOST_ALL_NO_LIB=1  -I"." -c -o "bin.v2/libs/locale/build/gcc-5.4.0/debug/has_icu_obj.o" "libs/locale/src/../build/has_icu_test.cpp"

...failed gcc.compile.c++ bin.v2/libs/locale/build/gcc-5.4.0/debug/has_icu_obj.o...
...skipped <pbin.v2/libs/locale/build/gcc-5.4.0/debug>has_icu for lack of <pbin.v2/libs/locale/build/gcc-5.4.0/debug>has_icu_obj.o...
...failed updating 1 target...
...skipped 1 target...
...found 2 targets...
...updating 2 targets...
gcc.compile.c++ bin.v2/libs/locale/build/gcc-5.4.0/debug/has_icu64_obj.o
libs/locale/src/../build/has_icu_test.cpp:12:30: fatal error: unicode/uversion.h: No such file or directory
compilation terminated.

    "g++"  -ftemplate-depth-128 -O0 -fno-inline -Wall -g -fPIC -m64  -DBOOST_ALL_NO_LIB=1  -I"." -c -o "bin.v2/libs/locale/build/gcc-5.4.0/debug/has_icu64_obj.o" "libs/locale/src/../build/has_icu_test.cpp"

...failed gcc.compile.c++ bin.v2/libs/locale/build/gcc-5.4.0/debug/has_icu64_obj.o...
...skipped <pbin.v2/libs/locale/build/gcc-5.4.0/debug>has_icu64 for lack of <pbin.v2/libs/locale/build/gcc-5.4.0/debug>has_icu64_obj.o...
...failed updating 1 target...
...skipped 1 target...
...found 9 targets...
...updating 7 targets...
common.mkdir bin.v2/libs/log
common.mkdir bin.v2/libs/log/config
common.mkdir bin.v2/libs/log/config/atomic-int32
common.mkdir bin.v2/libs/log/config/atomic-int32/gcc-5.4.0
common.mkdir bin.v2/libs/log/config/atomic-int32/gcc-5.4.0/debug
common.mkdir bin.v2/libs/log/config/atomic-int32/gcc-5.4.0/debug/pch-off
gcc.compile.c++ bin.v2/libs/log/config/atomic-int32/gcc-5.4.0/debug/pch-off/atomic_int32.o
...updated 7 targets...
...found 6 targets...
...updating 5 targets...
common.mkdir bin.v2/libs/log/config/pthread-mutex-robust
common.mkdir bin.v2/libs/log/config/pthread-mutex-robust/gcc-5.4.0
common.mkdir bin.v2/libs/log/config/pthread-mutex-robust/gcc-5.4.0/debug
common.mkdir bin.v2/libs/log/config/pthread-mutex-robust/gcc-5.4.0/debug/pch-off
gcc.compile.c++ bin.v2/libs/log/config/pthread-mutex-robust/gcc-5.4.0/debug/pch-off/pthread_mutex_robust.o
...updated 5 targets...
...found 6 targets...
...updating 5 targets...
common.mkdir bin.v2/libs/log/config/visibility
common.mkdir bin.v2/libs/log/config/visibility/gcc-5.4.0
common.mkdir bin.v2/libs/log/config/visibility/gcc-5.4.0/debug
common.mkdir bin.v2/libs/log/config/visibility/gcc-5.4.0/debug/pch-off
gcc.compile.c++ bin.v2/libs/log/config/visibility/gcc-5.4.0/debug/pch-off/visibility.o
...updated 5 targets...
...found 7 targets...
...updating 5 targets...
common.mkdir bin.v2/libs/log/config/x86-ext
common.mkdir bin.v2/libs/log/config/x86-ext/gcc-5.4.0
common.mkdir bin.v2/libs/log/config/x86-ext/gcc-5.4.0/debug
common.mkdir bin.v2/libs/log/config/x86-ext/gcc-5.4.0/debug/pch-off
gcc.compile.c++ bin.v2/libs/log/config/x86-ext/gcc-5.4.0/debug/pch-off/ssse3.o
...updated 5 targets...
...found 3 targets...
...updating 1 target...
gcc.compile.c++ bin.v2/libs/log/config/x86-ext/gcc-5.4.0/debug/pch-off/avx2.o
...updated 1 target...
...found 6 targets...
...updating 5 targets...
common.mkdir bin.v2/libs/math
common.mkdir bin.v2/libs/math/config
common.mkdir bin.v2/libs/math/config/gcc-5.4.0
common.mkdir bin.v2/libs/math/config/gcc-5.4.0/debug
gcc.compile.c++ bin.v2/libs/math/config/gcc-5.4.0/debug/has_gcc_visibility.o
...updated 5 targets...
...found 132 targets...
...updating 1 target...
gcc.compile.c++ bin.v2/libs/math/config/gcc-5.4.0/debug/has_long_double_support.o
...updated 1 target...
...found 3 targets...
...updating 3 targets...
common.mkdir bin.v2/standalone/ac/gcc-5.4.0/release/link-static
common.mkdir bin.v2/standalone/ac/gcc-5.4.0/release/link-static/threading-multi
gcc.compile.c++ bin.v2/standalone/ac/gcc-5.4.0/release/link-static/threading-multi/zlib_h.o
...updated 3 targets...
...found 2 targets...
...updating 2 targets...
gcc.compile.c++ bin.v2/standalone/ac/gcc-5.4.0/release/link-static/threading-multi/main.o
gcc.link bin.v2/standalone/ac/gcc-5.4.0/release/link-static/threading-multi/z
...updated 2 targets...
...found 1 target...
...updating 1 target...
gcc.compile.c++ bin.v2/standalone/ac/gcc-5.4.0/release/link-static/threading-multi/bzlib_h.o
...updated 1 target...
...found 1 target...
...updating 1 target...
gcc.link bin.v2/standalone/ac/gcc-5.4.0/release/link-static/threading-multi/bz2
...updated 1 target...
...found 1 target...
...updating 1 target...
config-cache.write bin.v2/project-cache.jam
...updated 1 target...
